<?xml version="1.0" encoding="UTF-8"?>
<!-- Generated by org.testng.reporters.JUnitXMLReporter -->
<testsuite hostname="WIN-HQ5D7S9H79R" ignored="0" name="Default test" tests="9" failures="0" timestamp="16 янв 2018 15:21:40 GMT" time="70.204" errors="0">
  <testcase name="testLogin" time="9.246" classname="graduateprojectpackage.LoginOperaT"/>
  <testcase name="testLogin" time="8.702" classname="graduateprojectpackage.LoginOperaT"/>
  <testcase name="testLogin" time="6.783" classname="graduateprojectpackage.LoginOperaT"/>
  <testcase name="testLogin" time="6.296" classname="graduateprojectpackage.LoginOperaT"/>
  <testcase name="testLogin" time="6.254" classname="graduateprojectpackage.LoginOperaT"/>
  <testcase name="testLogin" time="5.855" classname="graduateprojectpackage.LoginOperaT"/>
  <testcase name="testLogin" time="5.411" classname="graduateprojectpackage.LoginOperaT"/>
  <testcase name="testLogin" time="5.908" classname="graduateprojectpackage.LoginOperaT"/>
  <testcase name="testLogin" time="5.879" classname="graduateprojectpackage.LoginOperaT"/>
</testsuite> <!-- Default test -->
