<?xml version="1.0" encoding="UTF-8"?>
<!-- Generated by org.testng.reporters.JUnitXMLReporter -->
<testsuite hostname="WIN-HQ5D7S9H79R" ignored="0" name="Default test" tests="9" failures="0" timestamp="11 дек 2017 14:13:02 GMT" time="112.073" errors="0">
  <testcase name="testLogin" time="9.762" classname="graduateprojectpackage.LoginMozillaT"/>
  <testcase name="testLogin" time="7.773" classname="graduateprojectpackage.LoginMozillaT"/>
  <testcase name="testLogin" time="6.122" classname="graduateprojectpackage.LoginMozillaT"/>
  <testcase name="testLogin" time="6.26" classname="graduateprojectpackage.LoginMozillaT"/>
  <testcase name="testLogin" time="6.558" classname="graduateprojectpackage.LoginMozillaT"/>
  <testcase name="testLogin" time="6.304" classname="graduateprojectpackage.LoginMozillaT"/>
  <testcase name="testLogin" time="6.422" classname="graduateprojectpackage.LoginMozillaT"/>
  <testcase name="testLogin" time="6.356" classname="graduateprojectpackage.LoginMozillaT"/>
  <testcase name="testLogin" time="6.584" classname="graduateprojectpackage.LoginMozillaT"/>
</testsuite> <!-- Default test -->
