<html>
<head>
<title>TestNG:  All tests</title>
<link href="../testng.css" rel="stylesheet" type="text/css" />
<link href="../my-testng.css" rel="stylesheet" type="text/css" />

<style type="text/css">
.log { display: none;} 
.stack-trace { display: none;} 
</style>
<script type="text/javascript">
<!--
function flip(e) {
  current = e.style.display;
  if (current == 'block') {
    e.style.display = 'none';
    return 0;
  }
  else {
    e.style.display = 'block';
    return 1;
  }
}

function toggleBox(szDivId, elem, msg1, msg2)
{
  var res = -1;  if (document.getElementById) {
    res = flip(document.getElementById(szDivId));
  }
  else if (document.all) {
    // this is the way old msie versions work
    res = flip(document.all[szDivId]);
  }
  if(elem) {
    if(res == 0) elem.innerHTML = msg1; else elem.innerHTML = msg2;
  }

}

function toggleAllBoxes() {
  if (document.getElementsByTagName) {
    d = document.getElementsByTagName('div');
    for (i = 0; i < d.length; i++) {
      if (d[i].className == 'log') {
        flip(d[i]);
      }
    }
  }
}

// -->
</script>

</head>
<body>
<h2 align='center'>All tests</h2><table border='1' align="center">
<tr>
<td>Tests passed/Failed/Skipped:</td><td>22/5/0</td>
</tr><tr>
<td>Started on:</td><td>Tue Jan 16 16:51:09 GMT+02:00 2018</td>
</tr>
<tr><td>Total time:</td><td>1612 seconds (1612273 ms)</td>
</tr><tr>
<td>Included groups:</td><td></td>
</tr><tr>
<td>Excluded groups:</td><td></td>
</tr>
</table><p/>
<small><i>(Hover the method name to see the test class name)</i></small><p/>
<table width='100%' border='1' class='invocation-failed'>
<tr><td colspan='4' align='center'><b>FAILED TESTS</b></td></tr>
<tr><td><b>Test method</b></td>
<td width="30%"><b>Exception</b></td>
<td width="10%"><b>Time (seconds)</b></td>
<td><b>Instance</b></td>
</tr>
<tr>
<td title='graduateprojectpackage.OrderViaTabTests.testArtistInOrder()'><b>testArtistInOrder</b><br>Test class: graduateprojectpackage.OrderViaTabTests</td>
<td><div><pre>java.lang.AssertionError: The following asserts failed:
	expected [Salon S?bastopol] but found [-]
	at org.testng.asserts.SoftAssert.assertAll(SoftAssert.java:43)
	at graduateprojectpackage.HelpMethodsT.assertOrdersTable(HelpMethodsT.java:61)
	at graduateprojectpackage.OrderViaTabTests.testArtistInOrder(OrderViaTabTests.java:57)
	at sun.reflect.NativeMethodAccessorImpl.invoke0(Native Method)
	at sun.reflect.NativeMethodAccessorImpl.invoke(Unknown Source)
	at sun.reflect.DelegatingMethodAccessorImpl.invoke(Unknown Source)
	at java.lang.reflect.Method.invoke(Unknown Source)
	at org.testng.internal.MethodInvocationHelper.invokeMethod(MethodInvocationHelper.java:108)
	at org.testng.internal.Invoker.invokeMethod(Invoker.java:669)
	at org.testng.internal.Invoker.invokeTestMethod(Invoker.java:877)
	at org.testng.internal.Invoker.invokeTestMethods(Invoker.java:1201)
	at org.testng.internal.TestMethodWorker.invokeTestMethods(TestMethodWorker.java:125)
	at org.testng.internal.TestMethodWorker.run(TestMethodWorker.java:109)
	at org.testng.TestRunner.privateRun(TestRunner.java:776)
	at org.testng.TestRunner.run(TestRunner.java:634)
	at org.testng.SuiteRunner.runTest(SuiteRunner.java:425)
	at org.testng.SuiteRunner.runSequentially(SuiteRunner.java:420)
	at org.testng.SuiteRunner.privateRun(SuiteRunner.java:385)
	at org.testng.SuiteRunner.run(SuiteRunner.java:334)
	at org.testng.SuiteRunnerWorker.runSuite(SuiteRunnerWorker.java:52)
	at org.testng.SuiteRunnerWorker.run(SuiteRunnerWorker.java:86)
	at org.testng.TestNG.runSuitesSequentially(TestNG.java:1318)
	at org.testng.TestNG.runSuitesLocally(TestNG.java:1243)
	at org.testng.TestNG.runSuites(TestNG.java:1161)
	at org.testng.TestNG.run(TestNG.java:1129)
	at org.testng.remote.AbstractRemoteTestNG.run(AbstractRemoteTestNG.java:114)
	at org.testng.remote.RemoteTestNG.initAndRun(RemoteTestNG.java:251)
	at org.testng.remote.RemoteTestNG.main(RemoteTestNG.java:77)
</pre></div><a href='#' onClick='toggleBox("stack-trace852026681", this, "Click to show all stack frames", "Click to hide stack frames")'>Click to show all stack frames</a>
<div class='stack-trace' id='stack-trace852026681'><pre>java.lang.AssertionError: The following asserts failed:
	expected [Salon S?bastopol] but found [-]
	at org.testng.asserts.SoftAssert.assertAll(SoftAssert.java:43)
	at graduateprojectpackage.HelpMethodsT.assertOrdersTable(HelpMethodsT.java:61)
	at graduateprojectpackage.OrderViaTabTests.testArtistInOrder(OrderViaTabTests.java:57)
	at sun.reflect.NativeMethodAccessorImpl.invoke0(Native Method)
	at sun.reflect.NativeMethodAccessorImpl.invoke(Unknown Source)
	at sun.reflect.DelegatingMethodAccessorImpl.invoke(Unknown Source)
	at java.lang.reflect.Method.invoke(Unknown Source)
	at org.testng.internal.MethodInvocationHelper.invokeMethod(MethodInvocationHelper.java:108)
	at org.testng.internal.Invoker.invokeMethod(Invoker.java:669)
	at org.testng.internal.Invoker.invokeTestMethod(Invoker.java:877)
	at org.testng.internal.Invoker.invokeTestMethods(Invoker.java:1201)
	at org.testng.internal.TestMethodWorker.invokeTestMethods(TestMethodWorker.java:125)
	at org.testng.internal.TestMethodWorker.run(TestMethodWorker.java:109)
	at org.testng.TestRunner.privateRun(TestRunner.java:776)
	at org.testng.TestRunner.run(TestRunner.java:634)
	at org.testng.SuiteRunner.runTest(SuiteRunner.java:425)
	at org.testng.SuiteRunner.runSequentially(SuiteRunner.java:420)
	at org.testng.SuiteRunner.privateRun(SuiteRunner.java:385)
	at org.testng.SuiteRunner.run(SuiteRunner.java:334)
	at org.testng.SuiteRunnerWorker.runSuite(SuiteRunnerWorker.java:52)
	at org.testng.SuiteRunnerWorker.run(SuiteRunnerWorker.java:86)
	at org.testng.TestNG.runSuitesSequentially(TestNG.java:1318)
	at org.testng.TestNG.runSuitesLocally(TestNG.java:1243)
	at org.testng.TestNG.runSuites(TestNG.java:1161)
	at org.testng.TestNG.run(TestNG.java:1129)
	at org.testng.remote.AbstractRemoteTestNG.run(AbstractRemoteTestNG.java:114)
	at org.testng.remote.RemoteTestNG.initAndRun(RemoteTestNG.java:251)
	at org.testng.remote.RemoteTestNG.main(RemoteTestNG.java:77)
</pre></div></td>
<td>88</td>
<td>graduateprojectpackage.OrderViaTabTests@53b32d7</td></tr>
<tr>
<td title='graduateprojectpackage.Order.testOrder()'><b>testOrder</b><br>Test class: graduateprojectpackage.Order</td>
<td><div><pre>java.lang.AssertionError: The following asserts failed:
	expected [Salon S?bastopol] but found [-]
	at org.testng.asserts.SoftAssert.assertAll(SoftAssert.java:43)
	at graduateprojectpackage.HelpMethodsT.assertOrdersTable(HelpMethodsT.java:61)
	at graduateprojectpackage.Order.testOrder(Order.java:38)
	at sun.reflect.NativeMethodAccessorImpl.invoke0(Native Method)
	at sun.reflect.NativeMethodAccessorImpl.invoke(Unknown Source)
	at sun.reflect.DelegatingMethodAccessorImpl.invoke(Unknown Source)
	at java.lang.reflect.Method.invoke(Unknown Source)
	at org.testng.internal.MethodInvocationHelper.invokeMethod(MethodInvocationHelper.java:108)
	at org.testng.internal.Invoker.invokeMethod(Invoker.java:669)
	at org.testng.internal.Invoker.invokeTestMethod(Invoker.java:877)
	at org.testng.internal.Invoker.invokeTestMethods(Invoker.java:1201)
	at org.testng.internal.TestMethodWorker.invokeTestMethods(TestMethodWorker.java:125)
	at org.testng.internal.TestMethodWorker.run(TestMethodWorker.java:109)
	at org.testng.TestRunner.privateRun(TestRunner.java:776)
	at org.testng.TestRunner.run(TestRunner.java:634)
	at org.testng.SuiteRunner.runTest(SuiteRunner.java:425)
	at org.testng.SuiteRunner.runSequentially(SuiteRunner.java:420)
	at org.testng.SuiteRunner.privateRun(SuiteRunner.java:385)
	at org.testng.SuiteRunner.run(SuiteRunner.java:334)
	at org.testng.SuiteRunnerWorker.runSuite(SuiteRunnerWorker.java:52)
	at org.testng.SuiteRunnerWorker.run(SuiteRunnerWorker.java:86)
	at org.testng.TestNG.runSuitesSequentially(TestNG.java:1318)
	at org.testng.TestNG.runSuitesLocally(TestNG.java:1243)
	at org.testng.TestNG.runSuites(TestNG.java:1161)
	at org.testng.TestNG.run(TestNG.java:1129)
	at org.testng.remote.AbstractRemoteTestNG.run(AbstractRemoteTestNG.java:114)
	at org.testng.remote.RemoteTestNG.initAndRun(RemoteTestNG.java:251)
	at org.testng.remote.RemoteTestNG.main(RemoteTestNG.java:77)
</pre></div><a href='#' onClick='toggleBox("stack-trace2008106788", this, "Click to show all stack frames", "Click to hide stack frames")'>Click to show all stack frames</a>
<div class='stack-trace' id='stack-trace2008106788'><pre>java.lang.AssertionError: The following asserts failed:
	expected [Salon S?bastopol] but found [-]
	at org.testng.asserts.SoftAssert.assertAll(SoftAssert.java:43)
	at graduateprojectpackage.HelpMethodsT.assertOrdersTable(HelpMethodsT.java:61)
	at graduateprojectpackage.Order.testOrder(Order.java:38)
	at sun.reflect.NativeMethodAccessorImpl.invoke0(Native Method)
	at sun.reflect.NativeMethodAccessorImpl.invoke(Unknown Source)
	at sun.reflect.DelegatingMethodAccessorImpl.invoke(Unknown Source)
	at java.lang.reflect.Method.invoke(Unknown Source)
	at org.testng.internal.MethodInvocationHelper.invokeMethod(MethodInvocationHelper.java:108)
	at org.testng.internal.Invoker.invokeMethod(Invoker.java:669)
	at org.testng.internal.Invoker.invokeTestMethod(Invoker.java:877)
	at org.testng.internal.Invoker.invokeTestMethods(Invoker.java:1201)
	at org.testng.internal.TestMethodWorker.invokeTestMethods(TestMethodWorker.java:125)
	at org.testng.internal.TestMethodWorker.run(TestMethodWorker.java:109)
	at org.testng.TestRunner.privateRun(TestRunner.java:776)
	at org.testng.TestRunner.run(TestRunner.java:634)
	at org.testng.SuiteRunner.runTest(SuiteRunner.java:425)
	at org.testng.SuiteRunner.runSequentially(SuiteRunner.java:420)
	at org.testng.SuiteRunner.privateRun(SuiteRunner.java:385)
	at org.testng.SuiteRunner.run(SuiteRunner.java:334)
	at org.testng.SuiteRunnerWorker.runSuite(SuiteRunnerWorker.java:52)
	at org.testng.SuiteRunnerWorker.run(SuiteRunnerWorker.java:86)
	at org.testng.TestNG.runSuitesSequentially(TestNG.java:1318)
	at org.testng.TestNG.runSuitesLocally(TestNG.java:1243)
	at org.testng.TestNG.runSuites(TestNG.java:1161)
	at org.testng.TestNG.run(TestNG.java:1129)
	at org.testng.remote.AbstractRemoteTestNG.run(AbstractRemoteTestNG.java:114)
	at org.testng.remote.RemoteTestNG.initAndRun(RemoteTestNG.java:251)
	at org.testng.remote.RemoteTestNG.main(RemoteTestNG.java:77)
</pre></div></td>
<td>77</td>
<td>graduateprojectpackage.Order@42e26948</td></tr>
<tr>
<td title='graduateprojectpackage.OrderOwnImage.testOrderOwnImage()'><b>testOrderOwnImage</b><br>Test class: graduateprojectpackage.OrderOwnImage</td>
<td><div><pre>java.lang.AssertionError: The following asserts failed:
	expected [Salon lombard] but found [-]
	at org.testng.asserts.SoftAssert.assertAll(SoftAssert.java:43)
	at graduateprojectpackage.HelpMethodsT.assertOrdersTable(HelpMethodsT.java:61)
	at graduateprojectpackage.OrderOwnImage.testOrderOwnImage(OrderOwnImage.java:82)
	at sun.reflect.NativeMethodAccessorImpl.invoke0(Native Method)
	at sun.reflect.NativeMethodAccessorImpl.invoke(Unknown Source)
	at sun.reflect.DelegatingMethodAccessorImpl.invoke(Unknown Source)
	at java.lang.reflect.Method.invoke(Unknown Source)
	at org.testng.internal.MethodInvocationHelper.invokeMethod(MethodInvocationHelper.java:108)
	at org.testng.internal.Invoker.invokeMethod(Invoker.java:669)
	at org.testng.internal.Invoker.invokeTestMethod(Invoker.java:877)
	at org.testng.internal.Invoker.invokeTestMethods(Invoker.java:1201)
	at org.testng.internal.TestMethodWorker.invokeTestMethods(TestMethodWorker.java:125)
	at org.testng.internal.TestMethodWorker.run(TestMethodWorker.java:109)
	at org.testng.TestRunner.privateRun(TestRunner.java:776)
	at org.testng.TestRunner.run(TestRunner.java:634)
	at org.testng.SuiteRunner.runTest(SuiteRunner.java:425)
	at org.testng.SuiteRunner.runSequentially(SuiteRunner.java:420)
	at org.testng.SuiteRunner.privateRun(SuiteRunner.java:385)
	at org.testng.SuiteRunner.run(SuiteRunner.java:334)
	at org.testng.SuiteRunnerWorker.runSuite(SuiteRunnerWorker.java:52)
	at org.testng.SuiteRunnerWorker.run(SuiteRunnerWorker.java:86)
	at org.testng.TestNG.runSuitesSequentially(TestNG.java:1318)
	at org.testng.TestNG.runSuitesLocally(TestNG.java:1243)
	at org.testng.TestNG.runSuites(TestNG.java:1161)
	at org.testng.TestNG.run(TestNG.java:1129)
	at org.testng.remote.AbstractRemoteTestNG.run(AbstractRemoteTestNG.java:114)
	at org.testng.remote.RemoteTestNG.initAndRun(RemoteTestNG.java:251)
	at org.testng.remote.RemoteTestNG.main(RemoteTestNG.java:77)
</pre></div><a href='#' onClick='toggleBox("stack-trace2018260103", this, "Click to show all stack frames", "Click to hide stack frames")'>Click to show all stack frames</a>
<div class='stack-trace' id='stack-trace2018260103'><pre>java.lang.AssertionError: The following asserts failed:
	expected [Salon lombard] but found [-]
	at org.testng.asserts.SoftAssert.assertAll(SoftAssert.java:43)
	at graduateprojectpackage.HelpMethodsT.assertOrdersTable(HelpMethodsT.java:61)
	at graduateprojectpackage.OrderOwnImage.testOrderOwnImage(OrderOwnImage.java:82)
	at sun.reflect.NativeMethodAccessorImpl.invoke0(Native Method)
	at sun.reflect.NativeMethodAccessorImpl.invoke(Unknown Source)
	at sun.reflect.DelegatingMethodAccessorImpl.invoke(Unknown Source)
	at java.lang.reflect.Method.invoke(Unknown Source)
	at org.testng.internal.MethodInvocationHelper.invokeMethod(MethodInvocationHelper.java:108)
	at org.testng.internal.Invoker.invokeMethod(Invoker.java:669)
	at org.testng.internal.Invoker.invokeTestMethod(Invoker.java:877)
	at org.testng.internal.Invoker.invokeTestMethods(Invoker.java:1201)
	at org.testng.internal.TestMethodWorker.invokeTestMethods(TestMethodWorker.java:125)
	at org.testng.internal.TestMethodWorker.run(TestMethodWorker.java:109)
	at org.testng.TestRunner.privateRun(TestRunner.java:776)
	at org.testng.TestRunner.run(TestRunner.java:634)
	at org.testng.SuiteRunner.runTest(SuiteRunner.java:425)
	at org.testng.SuiteRunner.runSequentially(SuiteRunner.java:420)
	at org.testng.SuiteRunner.privateRun(SuiteRunner.java:385)
	at org.testng.SuiteRunner.run(SuiteRunner.java:334)
	at org.testng.SuiteRunnerWorker.runSuite(SuiteRunnerWorker.java:52)
	at org.testng.SuiteRunnerWorker.run(SuiteRunnerWorker.java:86)
	at org.testng.TestNG.runSuitesSequentially(TestNG.java:1318)
	at org.testng.TestNG.runSuitesLocally(TestNG.java:1243)
	at org.testng.TestNG.runSuites(TestNG.java:1161)
	at org.testng.TestNG.run(TestNG.java:1129)
	at org.testng.remote.AbstractRemoteTestNG.run(AbstractRemoteTestNG.java:114)
	at org.testng.remote.RemoteTestNG.initAndRun(RemoteTestNG.java:251)
	at org.testng.remote.RemoteTestNG.main(RemoteTestNG.java:77)
</pre></div></td>
<td>89</td>
<td>graduateprojectpackage.OrderOwnImage@57baeedf</td></tr>
<tr>
<td title='graduateprojectpackage.OrderViaTabTests.testSalonInOrder()'><b>testSalonInOrder</b><br>Test class: graduateprojectpackage.OrderViaTabTests</td>
<td><div><pre>java.lang.AssertionError: The following asserts failed:
	expected [Salon opera] but found [-]
	at org.testng.asserts.SoftAssert.assertAll(SoftAssert.java:43)
	at graduateprojectpackage.HelpMethodsT.assertOrdersTable(HelpMethodsT.java:61)
	at graduateprojectpackage.OrderViaTabTests.testSalonInOrder(OrderViaTabTests.java:86)
	at sun.reflect.NativeMethodAccessorImpl.invoke0(Native Method)
	at sun.reflect.NativeMethodAccessorImpl.invoke(Unknown Source)
	at sun.reflect.DelegatingMethodAccessorImpl.invoke(Unknown Source)
	at java.lang.reflect.Method.invoke(Unknown Source)
	at org.testng.internal.MethodInvocationHelper.invokeMethod(MethodInvocationHelper.java:108)
	at org.testng.internal.Invoker.invokeMethod(Invoker.java:669)
	at org.testng.internal.Invoker.invokeTestMethod(Invoker.java:877)
	at org.testng.internal.Invoker.invokeTestMethods(Invoker.java:1201)
	at org.testng.internal.TestMethodWorker.invokeTestMethods(TestMethodWorker.java:125)
	at org.testng.internal.TestMethodWorker.run(TestMethodWorker.java:109)
	at org.testng.TestRunner.privateRun(TestRunner.java:776)
	at org.testng.TestRunner.run(TestRunner.java:634)
	at org.testng.SuiteRunner.runTest(SuiteRunner.java:425)
	at org.testng.SuiteRunner.runSequentially(SuiteRunner.java:420)
	at org.testng.SuiteRunner.privateRun(SuiteRunner.java:385)
	at org.testng.SuiteRunner.run(SuiteRunner.java:334)
	at org.testng.SuiteRunnerWorker.runSuite(SuiteRunnerWorker.java:52)
	at org.testng.SuiteRunnerWorker.run(SuiteRunnerWorker.java:86)
	at org.testng.TestNG.runSuitesSequentially(TestNG.java:1318)
	at org.testng.TestNG.runSuitesLocally(TestNG.java:1243)
	at org.testng.TestNG.runSuites(TestNG.java:1161)
	at org.testng.TestNG.run(TestNG.java:1129)
	at org.testng.remote.AbstractRemoteTestNG.run(AbstractRemoteTestNG.java:114)
	at org.testng.remote.RemoteTestNG.initAndRun(RemoteTestNG.java:251)
	at org.testng.remote.RemoteTestNG.main(RemoteTestNG.java:77)
</pre></div><a href='#' onClick='toggleBox("stack-trace1930837320", this, "Click to show all stack frames", "Click to hide stack frames")'>Click to show all stack frames</a>
<div class='stack-trace' id='stack-trace1930837320'><pre>java.lang.AssertionError: The following asserts failed:
	expected [Salon opera] but found [-]
	at org.testng.asserts.SoftAssert.assertAll(SoftAssert.java:43)
	at graduateprojectpackage.HelpMethodsT.assertOrdersTable(HelpMethodsT.java:61)
	at graduateprojectpackage.OrderViaTabTests.testSalonInOrder(OrderViaTabTests.java:86)
	at sun.reflect.NativeMethodAccessorImpl.invoke0(Native Method)
	at sun.reflect.NativeMethodAccessorImpl.invoke(Unknown Source)
	at sun.reflect.DelegatingMethodAccessorImpl.invoke(Unknown Source)
	at java.lang.reflect.Method.invoke(Unknown Source)
	at org.testng.internal.MethodInvocationHelper.invokeMethod(MethodInvocationHelper.java:108)
	at org.testng.internal.Invoker.invokeMethod(Invoker.java:669)
	at org.testng.internal.Invoker.invokeTestMethod(Invoker.java:877)
	at org.testng.internal.Invoker.invokeTestMethods(Invoker.java:1201)
	at org.testng.internal.TestMethodWorker.invokeTestMethods(TestMethodWorker.java:125)
	at org.testng.internal.TestMethodWorker.run(TestMethodWorker.java:109)
	at org.testng.TestRunner.privateRun(TestRunner.java:776)
	at org.testng.TestRunner.run(TestRunner.java:634)
	at org.testng.SuiteRunner.runTest(SuiteRunner.java:425)
	at org.testng.SuiteRunner.runSequentially(SuiteRunner.java:420)
	at org.testng.SuiteRunner.privateRun(SuiteRunner.java:385)
	at org.testng.SuiteRunner.run(SuiteRunner.java:334)
	at org.testng.SuiteRunnerWorker.runSuite(SuiteRunnerWorker.java:52)
	at org.testng.SuiteRunnerWorker.run(SuiteRunnerWorker.java:86)
	at org.testng.TestNG.runSuitesSequentially(TestNG.java:1318)
	at org.testng.TestNG.runSuitesLocally(TestNG.java:1243)
	at org.testng.TestNG.runSuites(TestNG.java:1161)
	at org.testng.TestNG.run(TestNG.java:1129)
	at org.testng.remote.AbstractRemoteTestNG.run(AbstractRemoteTestNG.java:114)
	at org.testng.remote.RemoteTestNG.initAndRun(RemoteTestNG.java:251)
	at org.testng.remote.RemoteTestNG.main(RemoteTestNG.java:77)
</pre></div></td>
<td>88</td>
<td>graduateprojectpackage.OrderViaTabTests@53b32d7</td></tr>
<tr>
<td title='graduateprojectpackage.OrderViaTabTests.testServices()'><b>testServices</b><br>Test class: graduateprojectpackage.OrderViaTabTests</td>
<td><div><pre>java.lang.AssertionError: The following asserts failed:
	expected [Salon lombard] but found [-]
	at org.testng.asserts.SoftAssert.assertAll(SoftAssert.java:43)
	at graduateprojectpackage.HelpMethodsT.assertOrdersTable(HelpMethodsT.java:61)
	at graduateprojectpackage.OrderViaTabTests.testServices(OrderViaTabTests.java:114)
	at sun.reflect.NativeMethodAccessorImpl.invoke0(Native Method)
	at sun.reflect.NativeMethodAccessorImpl.invoke(Unknown Source)
	at sun.reflect.DelegatingMethodAccessorImpl.invoke(Unknown Source)
	at java.lang.reflect.Method.invoke(Unknown Source)
	at org.testng.internal.MethodInvocationHelper.invokeMethod(MethodInvocationHelper.java:108)
	at org.testng.internal.Invoker.invokeMethod(Invoker.java:669)
	at org.testng.internal.Invoker.invokeTestMethod(Invoker.java:877)
	at org.testng.internal.Invoker.invokeTestMethods(Invoker.java:1201)
	at org.testng.internal.TestMethodWorker.invokeTestMethods(TestMethodWorker.java:125)
	at org.testng.internal.TestMethodWorker.run(TestMethodWorker.java:109)
	at org.testng.TestRunner.privateRun(TestRunner.java:776)
	at org.testng.TestRunner.run(TestRunner.java:634)
	at org.testng.SuiteRunner.runTest(SuiteRunner.java:425)
	at org.testng.SuiteRunner.runSequentially(SuiteRunner.java:420)
	at org.testng.SuiteRunner.privateRun(SuiteRunner.java:385)
	at org.testng.SuiteRunner.run(SuiteRunner.java:334)
	at org.testng.SuiteRunnerWorker.runSuite(SuiteRunnerWorker.java:52)
	at org.testng.SuiteRunnerWorker.run(SuiteRunnerWorker.java:86)
	at org.testng.TestNG.runSuitesSequentially(TestNG.java:1318)
	at org.testng.TestNG.runSuitesLocally(TestNG.java:1243)
	at org.testng.TestNG.runSuites(TestNG.java:1161)
	at org.testng.TestNG.run(TestNG.java:1129)
	at org.testng.remote.AbstractRemoteTestNG.run(AbstractRemoteTestNG.java:114)
	at org.testng.remote.RemoteTestNG.initAndRun(RemoteTestNG.java:251)
	at org.testng.remote.RemoteTestNG.main(RemoteTestNG.java:77)
</pre></div><a href='#' onClick='toggleBox("stack-trace104261836", this, "Click to show all stack frames", "Click to hide stack frames")'>Click to show all stack frames</a>
<div class='stack-trace' id='stack-trace104261836'><pre>java.lang.AssertionError: The following asserts failed:
	expected [Salon lombard] but found [-]
	at org.testng.asserts.SoftAssert.assertAll(SoftAssert.java:43)
	at graduateprojectpackage.HelpMethodsT.assertOrdersTable(HelpMethodsT.java:61)
	at graduateprojectpackage.OrderViaTabTests.testServices(OrderViaTabTests.java:114)
	at sun.reflect.NativeMethodAccessorImpl.invoke0(Native Method)
	at sun.reflect.NativeMethodAccessorImpl.invoke(Unknown Source)
	at sun.reflect.DelegatingMethodAccessorImpl.invoke(Unknown Source)
	at java.lang.reflect.Method.invoke(Unknown Source)
	at org.testng.internal.MethodInvocationHelper.invokeMethod(MethodInvocationHelper.java:108)
	at org.testng.internal.Invoker.invokeMethod(Invoker.java:669)
	at org.testng.internal.Invoker.invokeTestMethod(Invoker.java:877)
	at org.testng.internal.Invoker.invokeTestMethods(Invoker.java:1201)
	at org.testng.internal.TestMethodWorker.invokeTestMethods(TestMethodWorker.java:125)
	at org.testng.internal.TestMethodWorker.run(TestMethodWorker.java:109)
	at org.testng.TestRunner.privateRun(TestRunner.java:776)
	at org.testng.TestRunner.run(TestRunner.java:634)
	at org.testng.SuiteRunner.runTest(SuiteRunner.java:425)
	at org.testng.SuiteRunner.runSequentially(SuiteRunner.java:420)
	at org.testng.SuiteRunner.privateRun(SuiteRunner.java:385)
	at org.testng.SuiteRunner.run(SuiteRunner.java:334)
	at org.testng.SuiteRunnerWorker.runSuite(SuiteRunnerWorker.java:52)
	at org.testng.SuiteRunnerWorker.run(SuiteRunnerWorker.java:86)
	at org.testng.TestNG.runSuitesSequentially(TestNG.java:1318)
	at org.testng.TestNG.runSuitesLocally(TestNG.java:1243)
	at org.testng.TestNG.runSuites(TestNG.java:1161)
	at org.testng.TestNG.run(TestNG.java:1129)
	at org.testng.remote.AbstractRemoteTestNG.run(AbstractRemoteTestNG.java:114)
	at org.testng.remote.RemoteTestNG.initAndRun(RemoteTestNG.java:251)
	at org.testng.remote.RemoteTestNG.main(RemoteTestNG.java:77)
</pre></div></td>
<td>87</td>
<td>graduateprojectpackage.OrderViaTabTests@53b32d7</td></tr>
</table><p>
<table width='100%' border='1' class='invocation-passed'>
<tr><td colspan='4' align='center'><b>PASSED TESTS</b></td></tr>
<tr><td><b>Test method</b></td>
<td width="30%"><b>Exception</b></td>
<td width="10%"><b>Time (seconds)</b></td>
<td><b>Instance</b></td>
</tr>
<tr>
<td title='graduateprojectpackage.ShowMoreTests.testArtistShowMore()'><b>testArtistShowMore</b><br>Test class: graduateprojectpackage.ShowMoreTests</td>
<td></td>
<td>82</td>
<td>graduateprojectpackage.ShowMoreTests@5442a311</td></tr>
<tr>
<td title='graduateprojectpackage.LoginMozillaT.testLogin()'><b>testLogin</b><br>Test class: graduateprojectpackage.LoginMozillaT<br>Parameters: graduateprojectpackage.TestLoginParametr@69ee81fc</td>
<td></td>
<td>10</td>
<td>graduateprojectpackage.LoginMozillaT@7d9d1a19</td></tr>
<tr>
<td title='graduateprojectpackage.LoginMozillaT.testLogin()'><b>testLogin</b><br>Test class: graduateprojectpackage.LoginMozillaT<br>Parameters: graduateprojectpackage.TestLoginParametr@19b89d4</td>
<td></td>
<td>8</td>
<td>graduateprojectpackage.LoginMozillaT@7d9d1a19</td></tr>
<tr>
<td title='graduateprojectpackage.LoginMozillaT.testLogin()'><b>testLogin</b><br>Test class: graduateprojectpackage.LoginMozillaT<br>Parameters: graduateprojectpackage.TestLoginParametr@7d94beb9</td>
<td></td>
<td>7</td>
<td>graduateprojectpackage.LoginMozillaT@7d9d1a19</td></tr>
<tr>
<td title='graduateprojectpackage.LoginMozillaT.testLogin()'><b>testLogin</b><br>Test class: graduateprojectpackage.LoginMozillaT<br>Parameters: graduateprojectpackage.TestLoginParametr@895e367</td>
<td></td>
<td>8</td>
<td>graduateprojectpackage.LoginMozillaT@7d9d1a19</td></tr>
<tr>
<td title='graduateprojectpackage.LoginMozillaT.testLogin()'><b>testLogin</b><br>Test class: graduateprojectpackage.LoginMozillaT<br>Parameters: graduateprojectpackage.TestLoginParametr@4bf48f6</td>
<td></td>
<td>7</td>
<td>graduateprojectpackage.LoginMozillaT@7d9d1a19</td></tr>
<tr>
<td title='graduateprojectpackage.LoginMozillaT.testLogin()'><b>testLogin</b><br>Test class: graduateprojectpackage.LoginMozillaT<br>Parameters: graduateprojectpackage.TestLoginParametr@f14a7d4</td>
<td></td>
<td>7</td>
<td>graduateprojectpackage.LoginMozillaT@7d9d1a19</td></tr>
<tr>
<td title='graduateprojectpackage.LoginMozillaT.testLogin()'><b>testLogin</b><br>Test class: graduateprojectpackage.LoginMozillaT<br>Parameters: graduateprojectpackage.TestLoginParametr@14008db3</td>
<td></td>
<td>7</td>
<td>graduateprojectpackage.LoginMozillaT@7d9d1a19</td></tr>
<tr>
<td title='graduateprojectpackage.LoginMozillaT.testLogin()'><b>testLogin</b><br>Test class: graduateprojectpackage.LoginMozillaT<br>Parameters: graduateprojectpackage.TestLoginParametr@2a225dd7</td>
<td></td>
<td>7</td>
<td>graduateprojectpackage.LoginMozillaT@7d9d1a19</td></tr>
<tr>
<td title='graduateprojectpackage.LoginMozillaT.testLogin()'><b>testLogin</b><br>Test class: graduateprojectpackage.LoginMozillaT<br>Parameters: graduateprojectpackage.TestLoginParametr@4b7dc788</td>
<td></td>
<td>7</td>
<td>graduateprojectpackage.LoginMozillaT@7d9d1a19</td></tr>
<tr>
<td title='graduateprojectpackage.LoginOperaT.testLogin()'><b>testLogin</b><br>Test class: graduateprojectpackage.LoginOperaT<br>Parameters: graduateprojectpackage.TestLoginParametr@5965be2d</td>
<td></td>
<td>10</td>
<td>graduateprojectpackage.LoginOperaT@39c0f4a</td></tr>
<tr>
<td title='graduateprojectpackage.LoginOperaT.testLogin()'><b>testLogin</b><br>Test class: graduateprojectpackage.LoginOperaT<br>Parameters: graduateprojectpackage.TestLoginParametr@6e005dc9</td>
<td></td>
<td>9</td>
<td>graduateprojectpackage.LoginOperaT@39c0f4a</td></tr>
<tr>
<td title='graduateprojectpackage.LoginOperaT.testLogin()'><b>testLogin</b><br>Test class: graduateprojectpackage.LoginOperaT<br>Parameters: graduateprojectpackage.TestLoginParametr@79dc5318</td>
<td></td>
<td>7</td>
<td>graduateprojectpackage.LoginOperaT@39c0f4a</td></tr>
<tr>
<td title='graduateprojectpackage.LoginOperaT.testLogin()'><b>testLogin</b><br>Test class: graduateprojectpackage.LoginOperaT<br>Parameters: graduateprojectpackage.TestLoginParametr@457c9034</td>
<td></td>
<td>7</td>
<td>graduateprojectpackage.LoginOperaT@39c0f4a</td></tr>
<tr>
<td title='graduateprojectpackage.LoginOperaT.testLogin()'><b>testLogin</b><br>Test class: graduateprojectpackage.LoginOperaT<br>Parameters: graduateprojectpackage.TestLoginParametr@2e48362c</td>
<td></td>
<td>8</td>
<td>graduateprojectpackage.LoginOperaT@39c0f4a</td></tr>
<tr>
<td title='graduateprojectpackage.LoginOperaT.testLogin()'><b>testLogin</b><br>Test class: graduateprojectpackage.LoginOperaT<br>Parameters: graduateprojectpackage.TestLoginParametr@4f3bbf68</td>
<td></td>
<td>7</td>
<td>graduateprojectpackage.LoginOperaT@39c0f4a</td></tr>
<tr>
<td title='graduateprojectpackage.LoginOperaT.testLogin()'><b>testLogin</b><br>Test class: graduateprojectpackage.LoginOperaT<br>Parameters: graduateprojectpackage.TestLoginParametr@26ceffa8</td>
<td></td>
<td>7</td>
<td>graduateprojectpackage.LoginOperaT@39c0f4a</td></tr>
<tr>
<td title='graduateprojectpackage.LoginOperaT.testLogin()'><b>testLogin</b><br>Test class: graduateprojectpackage.LoginOperaT<br>Parameters: graduateprojectpackage.TestLoginParametr@416c58f5</td>
<td></td>
<td>7</td>
<td>graduateprojectpackage.LoginOperaT@39c0f4a</td></tr>
<tr>
<td title='graduateprojectpackage.LoginOperaT.testLogin()'><b>testLogin</b><br>Test class: graduateprojectpackage.LoginOperaT<br>Parameters: graduateprojectpackage.TestLoginParametr@265adfad</td>
<td></td>
<td>7</td>
<td>graduateprojectpackage.LoginOperaT@39c0f4a</td></tr>
<tr>
<td title='graduateprojectpackage.MapMozillla.testMap()'><b>testMap</b><br>Test class: graduateprojectpackage.MapMozillla<br/>
<a href="#Output-1430861186" onClick='toggleBox("Output-1430861186", this, "Show output", "Hide output");'>Show output</a>

<a href="#Output-1430861186" onClick="toggleAllBoxes();">Show all outputs</a>
<div class='log' id="Output-1430861186">
17 rue des innocents Paris 1er<br/>
225 rue des lombards Paris 4e<br/>
34 Rue Joubert Paris 09<br/>
424 boulevard de S?bastopol Paris 4e<br/>
544 rue des lombars Paris 01<br/>
679 rue rambuteau Paris 1er<br/>
ScreenFile=d:\report\1516115113035.png<br/>
1Франция, Иль-де-Франс, Париж, I округ Парижа<br/>
ScreenFile=d:\report\1516115116787.png<br/>
1Франция, Иль-де-Франс, Париж, IV округ Парижа<br/>
ScreenFile=d:\report\1516115120456.png<br/>
"InvalidAdress"<br/>
"InvalidAdress"<br/>
ScreenFile=d:\report\1516115154222.png<br/>
1Франция, Иль-де-Франс, Париж<br/>
ScreenFile=d:\report\1516115157872.png<br/>
"InvalidAdress"<br/>
"InvalidAdress"<br/>
ScreenFile=d:\report\1516115191749.png<br/>
1Франция, Иль-де-Франс, Париж<br/>
</div>
</td>
<td></td>
<td>527</td>
<td>graduateprojectpackage.MapMozillla@1794d431</td></tr>
<tr>
<td title='graduateprojectpackage.ShowMoreTests.testPicsShoMore()'><b>testPicsShoMore</b><br>Test class: graduateprojectpackage.ShowMoreTests</td>
<td></td>
<td>78</td>
<td>graduateprojectpackage.ShowMoreTests@5442a311</td></tr>
<tr>
<td title='graduateprojectpackage.ShowMoreTests.testSalonShowMore()'><b>testSalonShowMore</b><br>Test class: graduateprojectpackage.ShowMoreTests</td>
<td></td>
<td>78</td>
<td>graduateprojectpackage.ShowMoreTests@5442a311</td></tr>
</table><p>
</body>
</html>