<?xml version="1.0" encoding="UTF-8"?>
<!-- Generated by org.testng.reporters.JUnitXMLReporter -->
<testsuite hostname="WIN-HQ5D7S9H79R" ignored="0" name="All tests" tests="32" failures="0" timestamp="11 дек 2017 14:56:40 GMT" time="1226.002" errors="0">
  <testcase name="testLogin" time="9.541" classname="graduateprojectpackage.LoginMozillaT"/>
  <testcase name="testLogin" time="7.967" classname="graduateprojectpackage.LoginMozillaT"/>
  <testcase name="testLogin" time="7.037" classname="graduateprojectpackage.LoginMozillaT"/>
  <testcase name="testLogin" time="7.024" classname="graduateprojectpackage.LoginMozillaT"/>
  <testcase name="testLogin" time="5.973" classname="graduateprojectpackage.LoginMozillaT"/>
  <testcase name="testLogin" time="7.48" classname="graduateprojectpackage.LoginMozillaT"/>
  <testcase name="testLogin" time="6.239" classname="graduateprojectpackage.LoginMozillaT"/>
  <testcase name="testLogin" time="6.725" classname="graduateprojectpackage.LoginMozillaT"/>
  <testcase name="testLogin" time="6.307" classname="graduateprojectpackage.LoginMozillaT"/>
  <testcase name="testLogin" time="10.663" classname="graduateprojectpackage.LoginOperaT"/>
  <testcase name="testLogin" time="8.556" classname="graduateprojectpackage.LoginOperaT"/>
  <testcase name="testLogin" time="6.398" classname="graduateprojectpackage.LoginOperaT"/>
  <testcase name="testLogin" time="6.531" classname="graduateprojectpackage.LoginOperaT"/>
  <testcase name="testLogin" time="6.58" classname="graduateprojectpackage.LoginOperaT"/>
  <testcase name="testLogin" time="6.613" classname="graduateprojectpackage.LoginOperaT"/>
  <testcase name="testLogin" time="6.555" classname="graduateprojectpackage.LoginOperaT"/>
  <testcase name="testLogin" time="6.532" classname="graduateprojectpackage.LoginOperaT"/>
  <testcase name="testLogin" time="6.386" classname="graduateprojectpackage.LoginOperaT"/>
  <testcase name="testMap" time="102.872" classname="graduateprojectpackage.MapMozillla"/>
  <testcase name="testSizes" time="56.24" classname="graduateprojectpackage.Order"/>
  <testcase name="testSizes" time="76.161" classname="graduateprojectpackage.OrderOwnImage"/>
  <testcase name="testArtist" time="62.573" classname="graduateprojectpackage.Artist"/>
  <testcase name="testSalon" time="63.217" classname="graduateprojectpackage.Salon"/>
  <testcase name="testPics" time="60.366" classname="graduateprojectpackage.Pics"/>
  <testcase name="testSizes" time="68.4" classname="graduateprojectpackage.Sizes"/>
  <testcase name="testSizes" time="68.275" classname="graduateprojectpackage.Calculator"/>
  <testcase name="testSizes" time="69.099" classname="graduateprojectpackage.Services"/>
  <testcase name="testSizes" time="73.209" classname="graduateprojectpackage.ArtistInOrder"/>
  <testcase name="testSizes" time="74.432" classname="graduateprojectpackage.SalonInOrder"/>
  <testcase name="testArtist" time="61.899" classname="graduateprojectpackage.ArtistShowMore"/>
  <testcase name="testSalon" time="67.023" classname="graduateprojectpackage.SalonShowMore"/>
  <testcase name="testPics" time="65.098" classname="graduateprojectpackage.PicsShowMore"/>
</testsuite> <!-- All tests -->
