<?xml version="1.0" encoding="UTF-8"?>
<!-- Generated by org.testng.reporters.JUnitXMLReporter -->
<testsuite hostname="WIN-HQ5D7S9H79R" ignored="0" name="Login test" tests="18" failures="0" timestamp="07 дек 2017 21:33:59 GMT" time="117.695" errors="0">
  <testcase name="testLogin" time="12.655" classname="graduateprojectpackage.LoginOperaT"/>
  <testcase name="testLogin" time="10.381" classname="graduateprojectpackage.LoginMozillaT"/>
  <testcase name="testLogin" time="9.864" classname="graduateprojectpackage.LoginOperaT"/>
  <testcase name="testLogin" time="8.796" classname="graduateprojectpackage.LoginMozillaT"/>
  <testcase name="testLogin" time="6.979" classname="graduateprojectpackage.LoginOperaT"/>
  <testcase name="testLogin" time="7.084" classname="graduateprojectpackage.LoginMozillaT"/>
  <testcase name="testLogin" time="6.119" classname="graduateprojectpackage.LoginOperaT"/>
  <testcase name="testLogin" time="8.008" classname="graduateprojectpackage.LoginMozillaT"/>
  <testcase name="testLogin" time="6.568" classname="graduateprojectpackage.LoginOperaT"/>
  <testcase name="testLogin" time="6.78" classname="graduateprojectpackage.LoginMozillaT"/>
  <testcase name="testLogin" time="6.818" classname="graduateprojectpackage.LoginOperaT"/>
  <testcase name="testLogin" time="6.437" classname="graduateprojectpackage.LoginMozillaT"/>
  <testcase name="testLogin" time="6.11" classname="graduateprojectpackage.LoginOperaT"/>
  <testcase name="testLogin" time="6.102" classname="graduateprojectpackage.LoginMozillaT"/>
  <testcase name="testLogin" time="6.982" classname="graduateprojectpackage.LoginOperaT"/>
  <testcase name="testLogin" time="6.751" classname="graduateprojectpackage.LoginMozillaT"/>
  <testcase name="testLogin" time="6.803" classname="graduateprojectpackage.LoginOperaT"/>
  <testcase name="testLogin" time="7.613" classname="graduateprojectpackage.LoginMozillaT"/>
</testsuite> <!-- Login test -->
