<?xml version="1.0" encoding="UTF-8"?>
<!-- Generated by org.testng.reporters.JUnitXMLReporter -->
<testsuite hostname="WIN-HQ5D7S9H79R" ignored="13" name="Set2 tattoage test" tests="5" failures="0" timestamp="11 дек 2017 13:40:15 GMT" time="329.86" errors="0">
  <testcase name="testArtist" time="61.862" classname="graduateprojectpackage.Artist"/>
  <testcase name="testSizes" time="64.269" classname="graduateprojectpackage.Calculator"/>
  <testcase name="testPics" time="59.768" classname="graduateprojectpackage.Pics"/>
  <testcase name="testSalon" time="61.061" classname="graduateprojectpackage.Salon"/>
  <testcase name="testSizes" time="67.97" classname="graduateprojectpackage.Sizes"/>
  <testcase name="testSizes" time="0.0" classname="graduateprojectpackage.CalculatorMozilla">
    <ignored/>
  </testcase> <!-- testSizes -->
  <testcase name="testArtist" time="0.0" classname="graduateprojectpackage.ArtistShowMore">
    <ignored/>
  </testcase> <!-- testArtist -->
  <testcase name="testMap" time="0.0" classname="graduateprojectpackage.MapMozillla">
    <ignored/>
  </testcase> <!-- testMap -->
  <testcase name="testLogin" time="0.0" classname="graduateprojectpackage.LoginMozillaT">
    <ignored/>
  </testcase> <!-- testLogin -->
  <testcase name="testSizes" time="0.0" classname="graduateprojectpackage.ArtistInOrder">
    <ignored/>
  </testcase> <!-- testSizes -->
  <testcase name="testLogin" time="0.0" classname="graduateprojectpackage.LoginOperaT">
    <ignored/>
  </testcase> <!-- testLogin -->
  <testcase name="testSizes" time="0.0" classname="graduateprojectpackage.Order">
    <ignored/>
  </testcase> <!-- testSizes -->
  <testcase name="testSalon" time="0.0" classname="graduateprojectpackage.SalonShowMore">
    <ignored/>
  </testcase> <!-- testSalon -->
  <testcase name="testSizes" time="0.0" classname="graduateprojectpackage.SalonInOrder">
    <ignored/>
  </testcase> <!-- testSizes -->
  <testcase name="testMap" time="0.0" classname="graduateprojectpackage.Map">
    <ignored/>
  </testcase> <!-- testMap -->
  <testcase name="testSizes" time="0.0" classname="graduateprojectpackage.Services">
    <ignored/>
  </testcase> <!-- testSizes -->
  <testcase name="testPics" time="0.0" classname="graduateprojectpackage.PicsShowMore">
    <ignored/>
  </testcase> <!-- testPics -->
  <testcase name="testSizes" time="0.0" classname="graduateprojectpackage.OrderOwnImage">
    <ignored/>
  </testcase> <!-- testSizes -->
</testsuite> <!-- Set2 tattoage test -->
