<?xml version="1.0" encoding="UTF-8"?>
<!-- Generated by org.testng.reporters.JUnitXMLReporter -->
<testsuite hostname="WIN-HQ5D7S9H79R" ignored="17" name="Set2 map test" tests="1" failures="0" timestamp="11 дек 2017 13:44:30 GMT" time="123.79" errors="0">
  <testcase name="testMap" time="113.478" classname="graduateprojectpackage.MapMozillla"/>
  <testcase name="testArtist" time="0.0" classname="graduateprojectpackage.Artist">
    <ignored/>
  </testcase> <!-- testArtist -->
  <testcase name="testSizes" time="0.0" classname="graduateprojectpackage.CalculatorMozilla">
    <ignored/>
  </testcase> <!-- testSizes -->
  <testcase name="testArtist" time="0.0" classname="graduateprojectpackage.ArtistShowMore">
    <ignored/>
  </testcase> <!-- testArtist -->
  <testcase name="testSizes" time="0.0" classname="graduateprojectpackage.Calculator">
    <ignored/>
  </testcase> <!-- testSizes -->
  <testcase name="testPics" time="0.0" classname="graduateprojectpackage.Pics">
    <ignored/>
  </testcase> <!-- testPics -->
  <testcase name="testSizes" time="0.0" classname="graduateprojectpackage.Sizes">
    <ignored/>
  </testcase> <!-- testSizes -->
  <testcase name="testLogin" time="0.0" classname="graduateprojectpackage.LoginMozillaT">
    <ignored/>
  </testcase> <!-- testLogin -->
  <testcase name="testSizes" time="0.0" classname="graduateprojectpackage.ArtistInOrder">
    <ignored/>
  </testcase> <!-- testSizes -->
  <testcase name="testLogin" time="0.0" classname="graduateprojectpackage.LoginOperaT">
    <ignored/>
  </testcase> <!-- testLogin -->
  <testcase name="testSizes" time="0.0" classname="graduateprojectpackage.Order">
    <ignored/>
  </testcase> <!-- testSizes -->
  <testcase name="testSalon" time="0.0" classname="graduateprojectpackage.SalonShowMore">
    <ignored/>
  </testcase> <!-- testSalon -->
  <testcase name="testSizes" time="0.0" classname="graduateprojectpackage.SalonInOrder">
    <ignored/>
  </testcase> <!-- testSizes -->
  <testcase name="testMap" time="0.0" classname="graduateprojectpackage.Map">
    <ignored/>
  </testcase> <!-- testMap -->
  <testcase name="testSizes" time="0.0" classname="graduateprojectpackage.Services">
    <ignored/>
  </testcase> <!-- testSizes -->
  <testcase name="testPics" time="0.0" classname="graduateprojectpackage.PicsShowMore">
    <ignored/>
  </testcase> <!-- testPics -->
  <testcase name="testSizes" time="0.0" classname="graduateprojectpackage.OrderOwnImage">
    <ignored/>
  </testcase> <!-- testSizes -->
  <testcase name="testSalon" time="0.0" classname="graduateprojectpackage.Salon">
    <ignored/>
  </testcase> <!-- testSalon -->
</testsuite> <!-- Set2 map test -->
