<?xml version="1.0" encoding="UTF-8"?>
<testng-results skipped="0" failed="0" ignored="0" total="9" passed="9">
  <reporter-output>
  </reporter-output>
  <suite name="Default suite" duration-ms="70204" started-at="2018-01-16T15:20:30Z" finished-at="2018-01-16T15:21:40Z">
    <groups>
      <group name="Critical">
        <method signature="LoginOperaT.testLogin(graduateprojectpackage.TestLoginParametr)[pri:0, instance:graduateprojectpackage.LoginOperaT@1e88b3c]" name="testLogin" class="graduateprojectpackage.LoginOperaT"/>
      </group> <!-- Critical -->
      <group name="Login">
        <method signature="LoginOperaT.testLogin(graduateprojectpackage.TestLoginParametr)[pri:0, instance:graduateprojectpackage.LoginOperaT@1e88b3c]" name="testLogin" class="graduateprojectpackage.LoginOperaT"/>
      </group> <!-- Login -->
    </groups>
    <test name="Default test" duration-ms="70204" started-at="2018-01-16T15:20:30Z" finished-at="2018-01-16T15:21:40Z">
      <class name="graduateprojectpackage.LoginOperaT">
        <test-method status="PASS" signature="beforeClass()[pri:0, instance:graduateprojectpackage.LoginOperaT@1e88b3c]" name="beforeClass" is-config="true" duration-ms="9224" started-at="2018-01-16T17:20:30Z" finished-at="2018-01-16T17:20:39Z">
          <reporter-output>
          </reporter-output>
        </test-method> <!-- beforeClass -->
        <test-method status="PASS" signature="testLogin(graduateprojectpackage.TestLoginParametr)[pri:0, instance:graduateprojectpackage.LoginOperaT@1e88b3c]" name="testLogin" duration-ms="9246" started-at="2018-01-16T17:20:39Z" data-provider="myData" finished-at="2018-01-16T17:20:48Z">
          <params>
            <param index="0">
              <value>
                <![CDATA[graduateprojectpackage.TestLoginParametr@1807f5a7]]>
              </value>
            </param>
          </params>
          <reporter-output>
          </reporter-output>
        </test-method> <!-- testLogin -->
        <test-method status="PASS" signature="testLogin(graduateprojectpackage.TestLoginParametr)[pri:0, instance:graduateprojectpackage.LoginOperaT@1e88b3c]" name="testLogin" duration-ms="8702" started-at="2018-01-16T17:20:48Z" data-provider="myData" finished-at="2018-01-16T17:20:57Z">
          <params>
            <param index="0">
              <value>
                <![CDATA[graduateprojectpackage.TestLoginParametr@45385f75]]>
              </value>
            </param>
          </params>
          <reporter-output>
          </reporter-output>
        </test-method> <!-- testLogin -->
        <test-method status="PASS" signature="testLogin(graduateprojectpackage.TestLoginParametr)[pri:0, instance:graduateprojectpackage.LoginOperaT@1e88b3c]" name="testLogin" duration-ms="6783" started-at="2018-01-16T17:20:57Z" data-provider="myData" finished-at="2018-01-16T17:21:04Z">
          <params>
            <param index="0">
              <value>
                <![CDATA[graduateprojectpackage.TestLoginParametr@2fb0623e]]>
              </value>
            </param>
          </params>
          <reporter-output>
          </reporter-output>
        </test-method> <!-- testLogin -->
        <test-method status="PASS" signature="testLogin(graduateprojectpackage.TestLoginParametr)[pri:0, instance:graduateprojectpackage.LoginOperaT@1e88b3c]" name="testLogin" duration-ms="6296" started-at="2018-01-16T17:21:04Z" data-provider="myData" finished-at="2018-01-16T17:21:10Z">
          <params>
            <param index="0">
              <value>
                <![CDATA[graduateprojectpackage.TestLoginParametr@13526e59]]>
              </value>
            </param>
          </params>
          <reporter-output>
          </reporter-output>
        </test-method> <!-- testLogin -->
        <test-method status="PASS" signature="testLogin(graduateprojectpackage.TestLoginParametr)[pri:0, instance:graduateprojectpackage.LoginOperaT@1e88b3c]" name="testLogin" duration-ms="6254" started-at="2018-01-16T17:21:10Z" data-provider="myData" finished-at="2018-01-16T17:21:16Z">
          <params>
            <param index="0">
              <value>
                <![CDATA[graduateprojectpackage.TestLoginParametr@769a1df5]]>
              </value>
            </param>
          </params>
          <reporter-output>
          </reporter-output>
        </test-method> <!-- testLogin -->
        <test-method status="PASS" signature="testLogin(graduateprojectpackage.TestLoginParametr)[pri:0, instance:graduateprojectpackage.LoginOperaT@1e88b3c]" name="testLogin" duration-ms="5855" started-at="2018-01-16T17:21:16Z" data-provider="myData" finished-at="2018-01-16T17:21:22Z">
          <params>
            <param index="0">
              <value>
                <![CDATA[graduateprojectpackage.TestLoginParametr@32115b28]]>
              </value>
            </param>
          </params>
          <reporter-output>
          </reporter-output>
        </test-method> <!-- testLogin -->
        <test-method status="PASS" signature="testLogin(graduateprojectpackage.TestLoginParametr)[pri:0, instance:graduateprojectpackage.LoginOperaT@1e88b3c]" name="testLogin" duration-ms="5411" started-at="2018-01-16T17:21:22Z" data-provider="myData" finished-at="2018-01-16T17:21:27Z">
          <params>
            <param index="0">
              <value>
                <![CDATA[graduateprojectpackage.TestLoginParametr@41488b16]]>
              </value>
            </param>
          </params>
          <reporter-output>
          </reporter-output>
        </test-method> <!-- testLogin -->
        <test-method status="PASS" signature="testLogin(graduateprojectpackage.TestLoginParametr)[pri:0, instance:graduateprojectpackage.LoginOperaT@1e88b3c]" name="testLogin" duration-ms="5908" started-at="2018-01-16T17:21:27Z" data-provider="myData" finished-at="2018-01-16T17:21:33Z">
          <params>
            <param index="0">
              <value>
                <![CDATA[graduateprojectpackage.TestLoginParametr@9cb8225]]>
              </value>
            </param>
          </params>
          <reporter-output>
          </reporter-output>
        </test-method> <!-- testLogin -->
        <test-method status="PASS" signature="testLogin(graduateprojectpackage.TestLoginParametr)[pri:0, instance:graduateprojectpackage.LoginOperaT@1e88b3c]" name="testLogin" duration-ms="5879" started-at="2018-01-16T17:21:33Z" data-provider="myData" finished-at="2018-01-16T17:21:39Z">
          <params>
            <param index="0">
              <value>
                <![CDATA[graduateprojectpackage.TestLoginParametr@47c81abf]]>
              </value>
            </param>
          </params>
          <reporter-output>
          </reporter-output>
        </test-method> <!-- testLogin -->
        <test-method status="PASS" signature="tearDown()[pri:0, instance:graduateprojectpackage.LoginOperaT@1e88b3c]" name="tearDown" is-config="true" duration-ms="596" started-at="2018-01-16T17:21:39Z" finished-at="2018-01-16T17:21:40Z">
          <reporter-output>
          </reporter-output>
        </test-method> <!-- tearDown -->
      </class> <!-- graduateprojectpackage.LoginOperaT -->
    </test> <!-- Default test -->
  </suite> <!-- Default suite -->
</testng-results>
